[debug] [2023-06-24T09:03:34.920Z] ----------------------------------------------------------------------
[debug] [2023-06-24T09:03:34.923Z] Command:       C:\Program Files\nodejs\node.exe C:\Users\w4sh1\AppData\Roaming\npm\node_modules\firebase-tools\lib\bin\firebase.js init
[debug] [2023-06-24T09:03:34.923Z] CLI Version:   12.4.0
[debug] [2023-06-24T09:03:34.924Z] Platform:      win32
[debug] [2023-06-24T09:03:34.924Z] Node Version:  v18.16.0
[debug] [2023-06-24T09:03:34.926Z] Time:          Sat Jun 24 2023 14:33:34 GMT+0530 (India Standard Time)
[debug] [2023-06-24T09:03:34.926Z] ----------------------------------------------------------------------
[debug] 
[debug] [2023-06-24T09:03:35.041Z] > command requires scopes: ["email","openid","https://www.googleapis.com/auth/cloudplatformprojects.readonly","https://www.googleapis.com/auth/firebase","https://www.googleapis.com/auth/cloud-platform"]
[debug] [2023-06-24T09:03:35.042Z] > authorizing via signed-in user (washid.chouhan@gmail.com)
[info] 
     ######## #### ########  ######## ########     ###     ######  ########
     ##        ##  ##     ## ##       ##     ##  ##   ##  ##       ##
     ######    ##  ########  ######   ########  #########  ######  ######
     ##        ##  ##    ##  ##       ##     ## ##     ##       ## ##
     ##       #### ##     ## ######## ########  ##     ##  ######  ########

You're about to initialize a Firebase project in this directory:

  C:\Users\w4sh1\OneDrive\Desktop\Web Develop\React\newfirebase

Before we get started, keep in mind:

  * You are initializing within an existing Firebase project directory

[info] 
=== Project Setup
[info] 
[info] First, let's associate this project directory with a Firebase project.
[info] You can create multiple project aliases by running firebase use --add, 
[info] but for now we'll just set up a default project.
[info] 
[debug] [2023-06-24T09:03:59.585Z] Using project from CLI flag: new-firebase-702e8
[debug] [2023-06-24T09:03:59.588Z] > refreshing access token with scopes: []
[debug] [2023-06-24T09:03:59.590Z] >>> [apiv2][query] POST https://www.googleapis.com/oauth2/v3/token [none]
[debug] [2023-06-24T09:03:59.591Z] >>> [apiv2][body] POST https://www.googleapis.com/oauth2/v3/token [omitted]
[debug] [2023-06-24T09:03:59.989Z] <<< [apiv2][status] POST https://www.googleapis.com/oauth2/v3/token 200
[debug] [2023-06-24T09:03:59.989Z] <<< [apiv2][body] POST https://www.googleapis.com/oauth2/v3/token [omitted]
[debug] [2023-06-24T09:04:00.015Z] >>> [apiv2][query] GET https://firebase.googleapis.com/v1beta1/projects/new-firebase-702e8 [none]
[debug] [2023-06-24T09:04:00.530Z] <<< [apiv2][status] GET https://firebase.googleapis.com/v1beta1/projects/new-firebase-702e8 200
[debug] [2023-06-24T09:04:00.531Z] <<< [apiv2][body] GET https://firebase.googleapis.com/v1beta1/projects/new-firebase-702e8 {"projectId":"new-firebase-702e8","projectNumber":"1089511178815","displayName":"new-firebase","name":"projects/new-firebase-702e8","resources":{"hostingSite":"new-firebase-702e8","realtimeDatabaseInstance":"new-firebase-702e8-default-rtdb","storageBucket":"new-firebase-702e8.appspot.com","locationId":"asia-south1"},"state":"ACTIVE","etag":"1_eca38e81-5691-4f06-9949-47586cb5408d"}
[info] i  Using project new-firebase-702e8 (new-firebase) 
[info] 
=== Hosting Setup
[info] 
[info] Your public directory is the folder (relative to your project directory) that
[info] will contain Hosting assets to be uploaded with firebase deploy. If you
[info] have a build process for your assets, use your build's output directory.
[info] 
[info] +  Wrote public/404.html 
[debug] [2023-06-24T09:05:10.688Z] >>> [apiv2][query] GET https://www.gstatic.com/firebasejs/releases.json [none]
[debug] [2023-06-24T09:05:10.848Z] <<< [apiv2][status] GET https://www.gstatic.com/firebasejs/releases.json 200
[debug] [2023-06-24T09:05:10.849Z] <<< [apiv2][body] GET https://www.gstatic.com/firebasejs/releases.json {"current":{"version":"9.23.0","browserURL":"https://www.gstatic.com/firebasejs/9.23.0/firebase.js","packageURL":"https://www.gstatic.com/firebasejs/9.23.0/firebase.tgz"},"live":{"version":"9.23","browserURL":"https://www.gstatic.com/firebasejs/live/9.23/firebase.js","packageURL":"https://www.gstatic.com/firebasejs/live/9.23/firebase.tgz"},"components":{"analytics":"https://www.gstatic.com/firebasejs/9.23.0/firebase-analytics.js","app":"https://www.gstatic.com/firebasejs/9.23.0/firebase-app.js","app-check":"https://www.gstatic.com/firebasejs/9.23.0/firebase-app-check.js","auth":"https://www.gstatic.com/firebasejs/9.23.0/firebase-auth.js","auth/cordova":"https://www.gstatic.com/firebasejs/9.23.0/firebase-auth/cordova.js","auth/react-native":"https://www.gstatic.com/firebasejs/9.23.0/firebase-auth/react-native.js","functions":"https://www.gstatic.com/firebasejs/9.23.0/firebase-functions.js","firestore":"https://www.gstatic.com/firebasejs/9.23.0/firebase-firestore.js","firestore/lite":"https://www.gstatic.com/firebasejs/9.23.0/firebase-firestore/lite.js","installations":"https://www.gstatic.com/firebasejs/9.23.0/firebase-installations.js","storage":"https://www.gstatic.com/firebasejs/9.23.0/firebase-storage.js","performance":"https://www.gstatic.com/firebasejs/9.23.0/firebase-performance.js","remote-config":"https://www.gstatic.com/firebasejs/9.23.0/firebase-remote-config.js","messaging":"https://www.gstatic.com/firebasejs/9.23.0/firebase-messaging.js","messaging/sw":"https://www.gstatic.com/firebasejs/9.23.0/firebase-messaging/sw.js","database":"https://www.gstatic.com/firebasejs/9.23.0/firebase-database.js","firestore.memory":"https://www.gstatic.com/firebasejs/9.23.0/firebase-firestore.memory.js"}}
[info] i  Skipping write of public/index.html 
[info] 
[info] i  Detected a .git folder at C:\Users\w4sh1\OneDrive\Desktop\Web Develop\React\newfirebase 
[info] i  Authorizing with GitHub to upload your service account to a GitHub repository's secrets store. 
[info] 
[info] Visit this URL on this device to log in:
[info] https://github.com/login/oauth/authorize?client_id=89cf50f02ac6aaed3484&state=1068755169&redirect_uri=http%3A%2F%2Flocalhost%3A9005&scope=read%3Auser%20repo%20public_repo
[info] 
[info] Waiting for authentication...
[debug] [2023-06-24T09:07:37.665Z] >>> [apiv2][query] POST https://github.com/login/oauth/access_token [none]
[debug] [2023-06-24T09:07:37.665Z] >>> [apiv2][body] POST https://github.com/login/oauth/access_token [stream]
[debug] [2023-06-24T09:07:38.129Z] <<< [apiv2][status] POST https://github.com/login/oauth/access_token 200
[debug] [2023-06-24T09:07:38.130Z] <<< [apiv2][body] POST https://github.com/login/oauth/access_token {"access_token":"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","token_type":"bearer","scope":"read:user,repo"}
[debug] [2023-06-24T09:07:38.146Z] >>> [apiv2][query] GET https://api.github.com/user [none]
[debug] [2023-06-24T09:07:38.678Z] <<< [apiv2][status] GET https://api.github.com/user 200
[debug] [2023-06-24T09:07:38.678Z] <<< [apiv2][body] GET https://api.github.com/user {"login":"VeeDel","id":115409603,"node_id":"U_kgDOBuECww","avatar_url":"https://avatars.githubusercontent.com/u/115409603?v=4","gravatar_id":"","url":"https://api.github.com/users/VeeDel","html_url":"https://github.com/VeeDel","followers_url":"https://api.github.com/users/VeeDel/followers","following_url":"https://api.github.com/users/VeeDel/following{/other_user}","gists_url":"https://api.github.com/users/VeeDel/gists{/gist_id}","starred_url":"https://api.github.com/users/VeeDel/starred{/owner}{/repo}","subscriptions_url":"https://api.github.com/users/VeeDel/subscriptions","organizations_url":"https://api.github.com/users/VeeDel/orgs","repos_url":"https://api.github.com/users/VeeDel/repos","events_url":"https://api.github.com/users/VeeDel/events{/privacy}","received_events_url":"https://api.github.com/users/VeeDel/received_events","type":"User","site_admin":false,"name":null,"company":null,"blog":"","location":null,"email":null,"hireable":null,"bio":null,"twitter_username":null,"public_repos":1,"public_gists":0,"followers":0,"following":0,"created_at":"2022-10-09T13:42:14Z","updated_at":"2022-10-09T18:27:00Z","private_gists":0,"total_private_repos":7,"owned_private_repos":7,"disk_usage":46928,"collaborators":0,"two_factor_authentication":false,"plan":{"name":"free","space":976562499,"collaborators":0,"private_repos":10000}}
[info] 
[info] +  Success! Logged into GitHub as VeeDel 
[info] 
